
csv: system execution failed.
Following is the set of recorded exceptions:

-------------------------------------------------------------------------------
Class / Object      Routine                Nature of exception           Effect
-------------------------------------------------------------------------------
DATE                make @1                correct_date:                
<00000000038C8B38>                         Precondition violated.        Fail
-------------------------------------------------------------------------------
PARSER              parse_data_items @1                                 
<0000000003880454>                         Routine failure.              Fail
-------------------------------------------------------------------------------
PARSER              make_from_file_name @16
<0000000003880454>                         Routine failure.              Fail
-------------------------------------------------------------------------------
APPLICATION         make @1                                             
<0000000003880418>                         Routine failure.              Fail
-------------------------------------------------------------------------------
APPLICATION         root's creation                                     
<0000000003880418>                         Routine failure.              Exit
-------------------------------------------------------------------------------
